2021-04-30 18:59:07,845 [Worker-3: Loading available Gradle versions] INFO  o.e.b.c.i.u.g.PublishedGradleVersions - Gradle version information cache is up-to-date. Trying to read.
2021-04-30 18:59:34,327 [Worker-6: Update Maven projects configuration] INFO  o.e.m.c.i.p.ProjectConfigurationManager - Update started
2021-04-30 18:59:34,405 [Worker-6: Update Maven projects configuration] INFO  o.e.m.c.i.p.ProjectConfigurationManager - Update completed: 0 sec
2021-04-30 19:00:06,791 [Worker-9: Building] INFO  o.e.m.c.i.l.LifecycleMappingFactory - Using org.eclipse.m2e.jdt.JarLifecycleMapping lifecycle mapping for MavenProject: com.example:vacanceproject:0.0.1-SNAPSHOT @ C:\Users\bessabri\workspaces\full projet\spring-neo4j-auth\pom.xml.
2021-04-30 19:00:17,693 [Worker-9: Building] INFO  o.e.m.c.i.embedder.EclipseLogger - Using 'UTF-8' encoding to copy filtered resources.
2021-04-30 19:00:17,694 [Worker-9: Building] INFO  o.e.m.c.i.embedder.EclipseLogger - Using 'UTF-8' encoding to copy filtered properties files.
2021-04-30 19:00:17,711 [Worker-9: Building] INFO  o.e.m.c.i.embedder.EclipseLogger - Copying 1 resource
2021-04-30 19:00:17,733 [Worker-9: Building] INFO  o.e.m.c.i.embedder.EclipseLogger - Copying 0 resource
2021-04-30 19:00:17,737 [Worker-9: Building] INFO  o.e.m.c.i.embedder.EclipseLogger - Using 'UTF-8' encoding to copy filtered resources.
2021-04-30 19:00:17,737 [Worker-9: Building] INFO  o.e.m.c.i.embedder.EclipseLogger - Using 'UTF-8' encoding to copy filtered properties files.
2021-04-30 19:00:17,737 [Worker-9: Building] INFO  o.e.m.c.i.embedder.EclipseLogger - skip non existing resourceDirectory C:\Users\bessabri\workspaces\full projet\spring-neo4j-auth\src\test\resources
2021-04-30 19:00:18,960 [Worker-8: Updating Maven Dependencies] INFO  o.e.m.c.i.l.LifecycleMappingFactory - Using org.eclipse.m2e.jdt.JarLifecycleMapping lifecycle mapping for MavenProject: com.example:vacanceproject:0.0.1-SNAPSHOT @ C:\Users\bessabri\workspaces\full projet\spring-neo4j-auth\pom.xml.
2021-04-30 20:06:51,601 [Worker-16: Launching Executing install in C__Users_bessabri_workspaces_full projet_spring-neo4j-auth] INFO  o.e.m.i.launch.MavenLaunchDelegate - C:\Users\bessabri\workspaces\full projet\spring-neo4j-auth
2021-04-30 20:06:51,616 [Worker-16: Launching Executing install in C__Users_bessabri_workspaces_full projet_spring-neo4j-auth] INFO  o.e.m.i.launch.MavenLaunchDelegate -  mvn -B install
2021-04-30 20:06:51,617 [Worker-16: Launching Executing install in C__Users_bessabri_workspaces_full projet_spring-neo4j-auth] WARN  o.e.m.i.l.MavenLaunchExtensionsSupport - Unknown or unsupported source locator org.eclipse.jdt.internal.launching.sourcelookup.advanced.AdvancedSourceLookupDirector
2021-04-30 20:07:43,961 [Worker-28: Building] INFO  o.e.m.c.i.embedder.EclipseLogger - Using 'UTF-8' encoding to copy filtered resources.
2021-04-30 20:07:43,962 [Worker-28: Building] INFO  o.e.m.c.i.embedder.EclipseLogger - Using 'UTF-8' encoding to copy filtered properties files.
2021-04-30 20:07:43,974 [Worker-28: Building] INFO  o.e.m.c.i.embedder.EclipseLogger - Copying 1 resource
2021-04-30 20:07:44,048 [Worker-28: Building] INFO  o.e.m.c.i.embedder.EclipseLogger - Copying 0 resource
2021-04-30 20:07:44,051 [Worker-28: Building] INFO  o.e.m.c.i.embedder.EclipseLogger - Using 'UTF-8' encoding to copy filtered resources.
2021-04-30 20:07:44,052 [Worker-28: Building] INFO  o.e.m.c.i.embedder.EclipseLogger - Using 'UTF-8' encoding to copy filtered properties files.
2021-04-30 20:07:44,052 [Worker-28: Building] INFO  o.e.m.c.i.embedder.EclipseLogger - skip non existing resourceDirectory C:\Users\bessabri\workspaces\full projet\spring-neo4j-auth\src\test\resources
2021-04-30 20:14:13,609 [main] INFO  o.e.m2e.actions.ExecutePomAction - Creating new launch configuration
2021-04-30 20:14:44,803 [Worker-12: Launching spring-neo4j-auth] INFO  o.e.m.i.launch.MavenLaunchDelegate - C:\Users\bessabri\workspaces\full projet\spring-neo4j-auth
2021-04-30 20:14:44,803 [Worker-12: Launching spring-neo4j-auth] INFO  o.e.m.i.launch.MavenLaunchDelegate -  mvn -B spring-boot:run
2021-04-30 20:18:27,465 [Worker-15: Building] INFO  o.e.m.c.i.embedder.EclipseLogger - Using 'UTF-8' encoding to copy filtered resources.
2021-04-30 20:18:27,465 [Worker-15: Building] INFO  o.e.m.c.i.embedder.EclipseLogger - Using 'UTF-8' encoding to copy filtered properties files.
2021-04-30 20:18:27,466 [Worker-15: Building] INFO  o.e.m.c.i.embedder.EclipseLogger - Copying 0 resource
2021-04-30 20:18:27,466 [Worker-15: Building] INFO  o.e.m.c.i.embedder.EclipseLogger - Copying 0 resource
2021-04-30 20:18:27,470 [Worker-15: Building] INFO  o.e.m.c.i.embedder.EclipseLogger - Using 'UTF-8' encoding to copy filtered resources.
2021-04-30 20:18:27,470 [Worker-15: Building] INFO  o.e.m.c.i.embedder.EclipseLogger - Using 'UTF-8' encoding to copy filtered properties files.
2021-04-30 20:18:27,470 [Worker-15: Building] INFO  o.e.m.c.i.embedder.EclipseLogger - skip non existing resourceDirectory C:\Users\bessabri\workspaces\full projet\spring-neo4j-auth\src\test\resources
2021-04-30 20:18:28,530 [Worker-37: Building] INFO  o.e.m.c.i.embedder.EclipseLogger - Using 'UTF-8' encoding to copy filtered resources.
2021-04-30 20:18:28,531 [Worker-37: Building] INFO  o.e.m.c.i.embedder.EclipseLogger - Using 'UTF-8' encoding to copy filtered properties files.
2021-04-30 20:18:28,532 [Worker-37: Building] INFO  o.e.m.c.i.embedder.EclipseLogger - Copying 0 resource
2021-04-30 20:18:28,533 [Worker-37: Building] INFO  o.e.m.c.i.embedder.EclipseLogger - Copying 0 resource
2021-04-30 20:18:28,537 [Worker-37: Building] INFO  o.e.m.c.i.embedder.EclipseLogger - Using 'UTF-8' encoding to copy filtered resources.
2021-04-30 20:18:28,537 [Worker-37: Building] INFO  o.e.m.c.i.embedder.EclipseLogger - Using 'UTF-8' encoding to copy filtered properties files.
2021-04-30 20:18:28,538 [Worker-37: Building] INFO  o.e.m.c.i.embedder.EclipseLogger - skip non existing resourceDirectory C:\Users\bessabri\workspaces\full projet\spring-neo4j-auth\src\test\resources
2021-04-30 21:26:35,539 [Worker-40: Building] INFO  o.e.m.c.i.embedder.EclipseLogger - Using 'UTF-8' encoding to copy filtered resources.
2021-04-30 21:26:35,541 [Worker-40: Building] INFO  o.e.m.c.i.embedder.EclipseLogger - Using 'UTF-8' encoding to copy filtered properties files.
2021-04-30 21:26:35,541 [Worker-40: Building] INFO  o.e.m.c.i.embedder.EclipseLogger - Copying 0 resource
2021-04-30 21:26:35,542 [Worker-40: Building] INFO  o.e.m.c.i.embedder.EclipseLogger - Copying 0 resource
2021-04-30 21:26:35,549 [Worker-40: Building] INFO  o.e.m.c.i.embedder.EclipseLogger - Using 'UTF-8' encoding to copy filtered resources.
2021-04-30 21:26:35,549 [Worker-40: Building] INFO  o.e.m.c.i.embedder.EclipseLogger - Using 'UTF-8' encoding to copy filtered properties files.
2021-04-30 21:26:35,550 [Worker-40: Building] INFO  o.e.m.c.i.embedder.EclipseLogger - skip non existing resourceDirectory C:\Users\bessabri\workspaces\full projet\spring-neo4j-auth\src\test\resources
2021-04-30 21:26:39,217 [Worker-42: Building] INFO  o.e.m.c.i.embedder.EclipseLogger - Using 'UTF-8' encoding to copy filtered resources.
2021-04-30 21:26:39,218 [Worker-42: Building] INFO  o.e.m.c.i.embedder.EclipseLogger - Using 'UTF-8' encoding to copy filtered properties files.
2021-04-30 21:26:39,222 [Worker-42: Building] INFO  o.e.m.c.i.embedder.EclipseLogger - Copying 0 resource
2021-04-30 21:26:39,223 [Worker-42: Building] INFO  o.e.m.c.i.embedder.EclipseLogger - Copying 0 resource
2021-04-30 21:26:39,231 [Worker-42: Building] INFO  o.e.m.c.i.embedder.EclipseLogger - Using 'UTF-8' encoding to copy filtered resources.
2021-04-30 21:26:39,231 [Worker-42: Building] INFO  o.e.m.c.i.embedder.EclipseLogger - Using 'UTF-8' encoding to copy filtered properties files.
2021-04-30 21:26:39,232 [Worker-42: Building] INFO  o.e.m.c.i.embedder.EclipseLogger - skip non existing resourceDirectory C:\Users\bessabri\workspaces\full projet\spring-neo4j-auth\src\test\resources
2021-04-30 21:27:10,728 [Worker-42: Building] INFO  o.e.m.c.i.embedder.EclipseLogger - Using 'UTF-8' encoding to copy filtered resources.
2021-04-30 21:27:10,728 [Worker-42: Building] INFO  o.e.m.c.i.embedder.EclipseLogger - Using 'UTF-8' encoding to copy filtered properties files.
2021-04-30 21:27:10,728 [Worker-42: Building] INFO  o.e.m.c.i.embedder.EclipseLogger - Copying 0 resource
2021-04-30 21:27:10,729 [Worker-42: Building] INFO  o.e.m.c.i.embedder.EclipseLogger - Copying 0 resource
2021-04-30 21:27:10,731 [Worker-42: Building] INFO  o.e.m.c.i.embedder.EclipseLogger - Using 'UTF-8' encoding to copy filtered resources.
2021-04-30 21:27:10,732 [Worker-42: Building] INFO  o.e.m.c.i.embedder.EclipseLogger - Using 'UTF-8' encoding to copy filtered properties files.
2021-04-30 21:27:10,732 [Worker-42: Building] INFO  o.e.m.c.i.embedder.EclipseLogger - skip non existing resourceDirectory C:\Users\bessabri\workspaces\full projet\spring-neo4j-auth\src\test\resources
2021-04-30 21:27:28,451 [Worker-36: Building] INFO  o.e.m.c.i.embedder.EclipseLogger - Using 'UTF-8' encoding to copy filtered resources.
2021-04-30 21:27:28,451 [Worker-36: Building] INFO  o.e.m.c.i.embedder.EclipseLogger - Using 'UTF-8' encoding to copy filtered properties files.
2021-04-30 21:27:28,452 [Worker-36: Building] INFO  o.e.m.c.i.embedder.EclipseLogger - Copying 0 resource
2021-04-30 21:27:28,452 [Worker-36: Building] INFO  o.e.m.c.i.embedder.EclipseLogger - Copying 0 resource
2021-04-30 21:27:28,456 [Worker-36: Building] INFO  o.e.m.c.i.embedder.EclipseLogger - Using 'UTF-8' encoding to copy filtered resources.
2021-04-30 21:27:28,456 [Worker-36: Building] INFO  o.e.m.c.i.embedder.EclipseLogger - Using 'UTF-8' encoding to copy filtered properties files.
2021-04-30 21:27:28,457 [Worker-36: Building] INFO  o.e.m.c.i.embedder.EclipseLogger - skip non existing resourceDirectory C:\Users\bessabri\workspaces\full projet\spring-neo4j-auth\src\test\resources
2021-04-30 21:27:42,152 [Worker-40: Building] INFO  o.e.m.c.i.embedder.EclipseLogger - Using 'UTF-8' encoding to copy filtered resources.
2021-04-30 21:27:42,152 [Worker-40: Building] INFO  o.e.m.c.i.embedder.EclipseLogger - Using 'UTF-8' encoding to copy filtered properties files.
2021-04-30 21:27:42,152 [Worker-40: Building] INFO  o.e.m.c.i.embedder.EclipseLogger - Copying 0 resource
2021-04-30 21:27:42,153 [Worker-40: Building] INFO  o.e.m.c.i.embedder.EclipseLogger - Copying 0 resource
2021-04-30 21:27:42,157 [Worker-40: Building] INFO  o.e.m.c.i.embedder.EclipseLogger - Using 'UTF-8' encoding to copy filtered resources.
2021-04-30 21:27:42,158 [Worker-40: Building] INFO  o.e.m.c.i.embedder.EclipseLogger - Using 'UTF-8' encoding to copy filtered properties files.
2021-04-30 21:27:42,158 [Worker-40: Building] INFO  o.e.m.c.i.embedder.EclipseLogger - skip non existing resourceDirectory C:\Users\bessabri\workspaces\full projet\spring-neo4j-auth\src\test\resources
2021-04-30 21:27:53,947 [Worker-40: Building] INFO  o.e.m.c.i.embedder.EclipseLogger - Using 'UTF-8' encoding to copy filtered resources.
2021-04-30 21:27:53,948 [Worker-40: Building] INFO  o.e.m.c.i.embedder.EclipseLogger - Using 'UTF-8' encoding to copy filtered properties files.
2021-04-30 21:27:53,948 [Worker-40: Building] INFO  o.e.m.c.i.embedder.EclipseLogger - Copying 0 resource
2021-04-30 21:27:53,948 [Worker-40: Building] INFO  o.e.m.c.i.embedder.EclipseLogger - Copying 0 resource
2021-04-30 21:27:53,950 [Worker-40: Building] INFO  o.e.m.c.i.embedder.EclipseLogger - Using 'UTF-8' encoding to copy filtered resources.
2021-04-30 21:27:53,951 [Worker-40: Building] INFO  o.e.m.c.i.embedder.EclipseLogger - Using 'UTF-8' encoding to copy filtered properties files.
2021-04-30 21:27:53,951 [Worker-40: Building] INFO  o.e.m.c.i.embedder.EclipseLogger - skip non existing resourceDirectory C:\Users\bessabri\workspaces\full projet\spring-neo4j-auth\src\test\resources
2021-04-30 21:28:00,094 [Worker-36: Building] INFO  o.e.m.c.i.embedder.EclipseLogger - Using 'UTF-8' encoding to copy filtered resources.
2021-04-30 21:28:00,094 [Worker-36: Building] INFO  o.e.m.c.i.embedder.EclipseLogger - Using 'UTF-8' encoding to copy filtered properties files.
2021-04-30 21:28:00,095 [Worker-36: Building] INFO  o.e.m.c.i.embedder.EclipseLogger - Copying 0 resource
2021-04-30 21:28:00,095 [Worker-36: Building] INFO  o.e.m.c.i.embedder.EclipseLogger - Copying 0 resource
2021-04-30 21:28:00,098 [Worker-36: Building] INFO  o.e.m.c.i.embedder.EclipseLogger - Using 'UTF-8' encoding to copy filtered resources.
2021-04-30 21:28:00,098 [Worker-36: Building] INFO  o.e.m.c.i.embedder.EclipseLogger - Using 'UTF-8' encoding to copy filtered properties files.
2021-04-30 21:28:00,098 [Worker-36: Building] INFO  o.e.m.c.i.embedder.EclipseLogger - skip non existing resourceDirectory C:\Users\bessabri\workspaces\full projet\spring-neo4j-auth\src\test\resources
2021-04-30 21:28:13,109 [Worker-36: Building] INFO  o.e.m.c.i.embedder.EclipseLogger - Using 'UTF-8' encoding to copy filtered resources.
2021-04-30 21:28:13,109 [Worker-36: Building] INFO  o.e.m.c.i.embedder.EclipseLogger - Using 'UTF-8' encoding to copy filtered properties files.
2021-04-30 21:28:13,110 [Worker-36: Building] INFO  o.e.m.c.i.embedder.EclipseLogger - Copying 0 resource
2021-04-30 21:28:13,110 [Worker-36: Building] INFO  o.e.m.c.i.embedder.EclipseLogger - Copying 0 resource
2021-04-30 21:28:13,112 [Worker-36: Building] INFO  o.e.m.c.i.embedder.EclipseLogger - Using 'UTF-8' encoding to copy filtered resources.
2021-04-30 21:28:13,112 [Worker-36: Building] INFO  o.e.m.c.i.embedder.EclipseLogger - Using 'UTF-8' encoding to copy filtered properties files.
2021-04-30 21:28:13,112 [Worker-36: Building] INFO  o.e.m.c.i.embedder.EclipseLogger - skip non existing resourceDirectory C:\Users\bessabri\workspaces\full projet\spring-neo4j-auth\src\test\resources
2021-04-30 21:28:38,614 [Worker-40: Building] INFO  o.e.m.c.i.embedder.EclipseLogger - Using 'UTF-8' encoding to copy filtered resources.
2021-04-30 21:28:38,615 [Worker-40: Building] INFO  o.e.m.c.i.embedder.EclipseLogger - Using 'UTF-8' encoding to copy filtered properties files.
2021-04-30 21:28:38,615 [Worker-40: Building] INFO  o.e.m.c.i.embedder.EclipseLogger - Copying 0 resource
2021-04-30 21:28:38,615 [Worker-40: Building] INFO  o.e.m.c.i.embedder.EclipseLogger - Copying 0 resource
2021-04-30 21:28:38,617 [Worker-40: Building] INFO  o.e.m.c.i.embedder.EclipseLogger - Using 'UTF-8' encoding to copy filtered resources.
2021-04-30 21:28:38,618 [Worker-40: Building] INFO  o.e.m.c.i.embedder.EclipseLogger - Using 'UTF-8' encoding to copy filtered properties files.
2021-04-30 21:28:38,618 [Worker-40: Building] INFO  o.e.m.c.i.embedder.EclipseLogger - skip non existing resourceDirectory C:\Users\bessabri\workspaces\full projet\spring-neo4j-auth\src\test\resources
2021-04-30 21:29:01,139 [Worker-36: Building] INFO  o.e.m.c.i.embedder.EclipseLogger - Using 'UTF-8' encoding to copy filtered resources.
2021-04-30 21:29:01,140 [Worker-36: Building] INFO  o.e.m.c.i.embedder.EclipseLogger - Using 'UTF-8' encoding to copy filtered properties files.
2021-04-30 21:29:01,142 [Worker-36: Building] INFO  o.e.m.c.i.embedder.EclipseLogger - Copying 0 resource
2021-04-30 21:29:01,144 [Worker-36: Building] INFO  o.e.m.c.i.embedder.EclipseLogger - Copying 0 resource
2021-04-30 21:29:01,154 [Worker-36: Building] INFO  o.e.m.c.i.embedder.EclipseLogger - Using 'UTF-8' encoding to copy filtered resources.
2021-04-30 21:29:01,155 [Worker-36: Building] INFO  o.e.m.c.i.embedder.EclipseLogger - Using 'UTF-8' encoding to copy filtered properties files.
2021-04-30 21:29:01,156 [Worker-36: Building] INFO  o.e.m.c.i.embedder.EclipseLogger - skip non existing resourceDirectory C:\Users\bessabri\workspaces\full projet\spring-neo4j-auth\src\test\resources
2021-04-30 21:29:12,011 [Worker-40: Building] INFO  o.e.m.c.i.embedder.EclipseLogger - Using 'UTF-8' encoding to copy filtered resources.
2021-04-30 21:29:12,012 [Worker-40: Building] INFO  o.e.m.c.i.embedder.EclipseLogger - Using 'UTF-8' encoding to copy filtered properties files.
2021-04-30 21:29:12,013 [Worker-40: Building] INFO  o.e.m.c.i.embedder.EclipseLogger - Copying 0 resource
2021-04-30 21:29:12,015 [Worker-40: Building] INFO  o.e.m.c.i.embedder.EclipseLogger - Copying 0 resource
2021-04-30 21:29:12,023 [Worker-40: Building] INFO  o.e.m.c.i.embedder.EclipseLogger - Using 'UTF-8' encoding to copy filtered resources.
2021-04-30 21:29:12,024 [Worker-40: Building] INFO  o.e.m.c.i.embedder.EclipseLogger - Using 'UTF-8' encoding to copy filtered properties files.
2021-04-30 21:29:12,024 [Worker-40: Building] INFO  o.e.m.c.i.embedder.EclipseLogger - skip non existing resourceDirectory C:\Users\bessabri\workspaces\full projet\spring-neo4j-auth\src\test\resources
2021-04-30 21:29:25,624 [Worker-44: Building] INFO  o.e.m.c.i.embedder.EclipseLogger - Using 'UTF-8' encoding to copy filtered resources.
2021-04-30 21:29:25,624 [Worker-44: Building] INFO  o.e.m.c.i.embedder.EclipseLogger - Using 'UTF-8' encoding to copy filtered properties files.
2021-04-30 21:29:25,624 [Worker-44: Building] INFO  o.e.m.c.i.embedder.EclipseLogger - Copying 0 resource
2021-04-30 21:29:25,625 [Worker-44: Building] INFO  o.e.m.c.i.embedder.EclipseLogger - Copying 0 resource
2021-04-30 21:29:25,627 [Worker-44: Building] INFO  o.e.m.c.i.embedder.EclipseLogger - Using 'UTF-8' encoding to copy filtered resources.
2021-04-30 21:29:25,627 [Worker-44: Building] INFO  o.e.m.c.i.embedder.EclipseLogger - Using 'UTF-8' encoding to copy filtered properties files.
2021-04-30 21:29:25,627 [Worker-44: Building] INFO  o.e.m.c.i.embedder.EclipseLogger - skip non existing resourceDirectory C:\Users\bessabri\workspaces\full projet\spring-neo4j-auth\src\test\resources
2021-04-30 21:29:38,605 [main] INFO  o.e.m2e.actions.ExecutePomAction - Using existing launch configuration
2021-04-30 21:29:38,627 [Worker-44: Launching spring-neo4j-auth] INFO  o.e.m.i.launch.MavenLaunchDelegate - C:\Users\bessabri\workspaces\full projet\spring-neo4j-auth
2021-04-30 21:29:38,627 [Worker-44: Launching spring-neo4j-auth] INFO  o.e.m.i.launch.MavenLaunchDelegate -  mvn -B spring-boot:run
2021-05-01 02:05:15,474 [main] INFO  o.e.m2e.actions.ExecutePomAction - Creating new launch configuration
2021-05-01 02:05:28,075 [Worker-53: Launching spring-neo4j-auth] INFO  o.e.m.i.launch.MavenLaunchDelegate - C:\Users\bessabri\workspaces\full projet\spring-neo4j-auth
2021-05-01 02:05:28,076 [Worker-53: Launching spring-neo4j-auth] INFO  o.e.m.i.launch.MavenLaunchDelegate -  mvn -B spring-boot:run
2021-05-01 02:08:29,072 [Worker-55: Launching spring-neo4j-auth] INFO  o.e.m.i.launch.MavenLaunchDelegate - C:\Users\bessabri\workspaces\full projet\spring-neo4j-auth
2021-05-01 02:08:29,073 [Worker-55: Launching spring-neo4j-auth] INFO  o.e.m.i.launch.MavenLaunchDelegate -  mvn -B spring-boot:run
2021-05-01 02:08:29,073 [Worker-55: Launching spring-neo4j-auth] WARN  o.e.m.i.l.MavenLaunchExtensionsSupport - Unknown or unsupported source locator org.eclipse.jdt.internal.launching.sourcelookup.advanced.AdvancedSourceLookupDirector
2021-05-01 02:09:29,184 [Worker-59: Launching spring-neo4j-auth] INFO  o.e.m.i.launch.MavenLaunchDelegate - C:\Users\bessabri\workspaces\full projet\spring-neo4j-auth
2021-05-01 02:09:29,184 [Worker-59: Launching spring-neo4j-auth] INFO  o.e.m.i.launch.MavenLaunchDelegate -  mvn -B spring-boot:run
2021-05-01 02:11:10,328 [Worker-60: Building] INFO  o.e.m.c.i.embedder.EclipseLogger - Using 'UTF-8' encoding to copy filtered resources.
2021-05-01 02:11:10,328 [Worker-60: Building] INFO  o.e.m.c.i.embedder.EclipseLogger - Using 'UTF-8' encoding to copy filtered properties files.
2021-05-01 02:11:10,343 [Worker-60: Building] INFO  o.e.m.c.i.embedder.EclipseLogger - Copying 1 resource
2021-05-01 02:11:10,464 [Worker-60: Building] INFO  o.e.m.c.i.embedder.EclipseLogger - Copying 0 resource
2021-05-01 02:11:10,466 [Worker-60: Building] INFO  o.e.m.c.i.embedder.EclipseLogger - Using 'UTF-8' encoding to copy filtered resources.
2021-05-01 02:11:10,466 [Worker-60: Building] INFO  o.e.m.c.i.embedder.EclipseLogger - Using 'UTF-8' encoding to copy filtered properties files.
2021-05-01 02:11:10,466 [Worker-60: Building] INFO  o.e.m.c.i.embedder.EclipseLogger - skip non existing resourceDirectory C:\Users\bessabri\workspaces\full projet\spring-neo4j-auth\src\test\resources
2021-05-01 02:11:11,545 [Worker-53: Building] INFO  o.e.m.c.i.embedder.EclipseLogger - Using 'UTF-8' encoding to copy filtered resources.
2021-05-01 02:11:11,546 [Worker-53: Building] INFO  o.e.m.c.i.embedder.EclipseLogger - Using 'UTF-8' encoding to copy filtered properties files.
2021-05-01 02:11:11,548 [Worker-53: Building] INFO  o.e.m.c.i.embedder.EclipseLogger - Copying 0 resource
2021-05-01 02:11:11,549 [Worker-53: Building] INFO  o.e.m.c.i.embedder.EclipseLogger - Copying 0 resource
2021-05-01 02:11:11,555 [Worker-53: Building] INFO  o.e.m.c.i.embedder.EclipseLogger - Using 'UTF-8' encoding to copy filtered resources.
2021-05-01 02:11:11,555 [Worker-53: Building] INFO  o.e.m.c.i.embedder.EclipseLogger - Using 'UTF-8' encoding to copy filtered properties files.
2021-05-01 02:11:11,555 [Worker-53: Building] INFO  o.e.m.c.i.embedder.EclipseLogger - skip non existing resourceDirectory C:\Users\bessabri\workspaces\full projet\spring-neo4j-auth\src\test\resources
2021-05-03 15:55:01,367 [Worker-263: Building] INFO  o.e.m.c.i.embedder.EclipseLogger - Using 'UTF-8' encoding to copy filtered resources.
2021-05-03 15:55:01,797 [Worker-263: Building] INFO  o.e.m.c.i.embedder.EclipseLogger - Using 'UTF-8' encoding to copy filtered properties files.
2021-05-03 15:55:02,067 [Worker-263: Building] INFO  o.e.m.c.i.embedder.EclipseLogger - Copying 1 resource
2021-05-03 15:55:13,918 [Worker-263: Building] INFO  o.e.m.c.i.embedder.EclipseLogger - Copying 0 resource
2021-05-03 15:55:14,577 [Worker-263: Building] INFO  o.e.m.c.i.embedder.EclipseLogger - Using 'UTF-8' encoding to copy filtered resources.
2021-05-03 15:55:14,578 [Worker-263: Building] INFO  o.e.m.c.i.embedder.EclipseLogger - Using 'UTF-8' encoding to copy filtered properties files.
2021-05-03 15:55:14,579 [Worker-263: Building] INFO  o.e.m.c.i.embedder.EclipseLogger - skip non existing resourceDirectory C:\Users\bessabri\workspaces\full projet\spring-neo4j-auth\src\test\resources
2021-05-03 15:56:19,201 [Worker-263: Building] INFO  o.e.m.c.i.embedder.EclipseLogger - Using 'UTF-8' encoding to copy filtered resources.
2021-05-03 15:56:19,201 [Worker-263: Building] INFO  o.e.m.c.i.embedder.EclipseLogger - Using 'UTF-8' encoding to copy filtered properties files.
2021-05-03 15:56:19,202 [Worker-263: Building] INFO  o.e.m.c.i.embedder.EclipseLogger - Copying 0 resource
2021-05-03 15:56:19,203 [Worker-263: Building] INFO  o.e.m.c.i.embedder.EclipseLogger - Copying 0 resource
2021-05-03 15:56:19,206 [Worker-263: Building] INFO  o.e.m.c.i.embedder.EclipseLogger - Using 'UTF-8' encoding to copy filtered resources.
2021-05-03 15:56:19,207 [Worker-263: Building] INFO  o.e.m.c.i.embedder.EclipseLogger - Using 'UTF-8' encoding to copy filtered properties files.
2021-05-03 15:56:19,207 [Worker-263: Building] INFO  o.e.m.c.i.embedder.EclipseLogger - skip non existing resourceDirectory C:\Users\bessabri\workspaces\full projet\spring-neo4j-auth\src\test\resources
2021-05-03 15:56:20,260 [Worker-261: Building] INFO  o.e.m.c.i.embedder.EclipseLogger - Using 'UTF-8' encoding to copy filtered resources.
2021-05-03 15:56:20,260 [Worker-261: Building] INFO  o.e.m.c.i.embedder.EclipseLogger - Using 'UTF-8' encoding to copy filtered properties files.
2021-05-03 15:56:20,261 [Worker-261: Building] INFO  o.e.m.c.i.embedder.EclipseLogger - Copying 0 resource
2021-05-03 15:56:20,261 [Worker-261: Building] INFO  o.e.m.c.i.embedder.EclipseLogger - Copying 0 resource
2021-05-03 15:56:20,403 [Worker-261: Building] INFO  o.e.m.c.i.embedder.EclipseLogger - Using 'UTF-8' encoding to copy filtered resources.
2021-05-03 15:56:20,403 [Worker-261: Building] INFO  o.e.m.c.i.embedder.EclipseLogger - Using 'UTF-8' encoding to copy filtered properties files.
2021-05-03 15:56:20,404 [Worker-261: Building] INFO  o.e.m.c.i.embedder.EclipseLogger - skip non existing resourceDirectory C:\Users\bessabri\workspaces\full projet\spring-neo4j-auth\src\test\resources
2021-05-03 15:56:21,464 [Worker-264: Building] INFO  o.e.m.c.i.embedder.EclipseLogger - Using 'UTF-8' encoding to copy filtered resources.
2021-05-03 15:56:21,466 [Worker-264: Building] INFO  o.e.m.c.i.embedder.EclipseLogger - Using 'UTF-8' encoding to copy filtered properties files.
2021-05-03 15:56:21,467 [Worker-264: Building] INFO  o.e.m.c.i.embedder.EclipseLogger - Copying 0 resource
2021-05-03 15:56:21,467 [Worker-264: Building] INFO  o.e.m.c.i.embedder.EclipseLogger - Copying 0 resource
2021-05-03 15:56:21,470 [Worker-264: Building] INFO  o.e.m.c.i.embedder.EclipseLogger - Using 'UTF-8' encoding to copy filtered resources.
2021-05-03 15:56:21,470 [Worker-264: Building] INFO  o.e.m.c.i.embedder.EclipseLogger - Using 'UTF-8' encoding to copy filtered properties files.
2021-05-03 15:56:21,470 [Worker-264: Building] INFO  o.e.m.c.i.embedder.EclipseLogger - skip non existing resourceDirectory C:\Users\bessabri\workspaces\full projet\spring-neo4j-auth\src\test\resources
2021-05-03 15:56:22,539 [Worker-266: Building] INFO  o.e.m.c.i.embedder.EclipseLogger - Using 'UTF-8' encoding to copy filtered resources.
2021-05-03 15:56:22,539 [Worker-266: Building] INFO  o.e.m.c.i.embedder.EclipseLogger - Using 'UTF-8' encoding to copy filtered properties files.
2021-05-03 15:56:22,540 [Worker-266: Building] INFO  o.e.m.c.i.embedder.EclipseLogger - Copying 0 resource
2021-05-03 15:56:22,541 [Worker-266: Building] INFO  o.e.m.c.i.embedder.EclipseLogger - Copying 0 resource
2021-05-03 15:56:22,546 [Worker-266: Building] INFO  o.e.m.c.i.embedder.EclipseLogger - Using 'UTF-8' encoding to copy filtered resources.
2021-05-03 15:56:22,546 [Worker-266: Building] INFO  o.e.m.c.i.embedder.EclipseLogger - Using 'UTF-8' encoding to copy filtered properties files.
2021-05-03 15:56:22,547 [Worker-266: Building] INFO  o.e.m.c.i.embedder.EclipseLogger - skip non existing resourceDirectory C:\Users\bessabri\workspaces\full projet\spring-neo4j-auth\src\test\resources
2021-05-03 16:03:29,473 [Worker-271: Building] INFO  o.e.m.c.i.embedder.EclipseLogger - Using 'UTF-8' encoding to copy filtered resources.
2021-05-03 16:03:29,473 [Worker-271: Building] INFO  o.e.m.c.i.embedder.EclipseLogger - Using 'UTF-8' encoding to copy filtered properties files.
2021-05-03 16:03:29,474 [Worker-271: Building] INFO  o.e.m.c.i.embedder.EclipseLogger - Copying 0 resource
2021-05-03 16:03:29,475 [Worker-271: Building] INFO  o.e.m.c.i.embedder.EclipseLogger - Copying 0 resource
2021-05-03 16:03:29,479 [Worker-271: Building] INFO  o.e.m.c.i.embedder.EclipseLogger - Using 'UTF-8' encoding to copy filtered resources.
2021-05-03 16:03:29,479 [Worker-271: Building] INFO  o.e.m.c.i.embedder.EclipseLogger - Using 'UTF-8' encoding to copy filtered properties files.
2021-05-03 16:03:29,479 [Worker-271: Building] INFO  o.e.m.c.i.embedder.EclipseLogger - skip non existing resourceDirectory C:\Users\bessabri\workspaces\full projet\spring-neo4j-auth\src\test\resources
